# JRE version: Java(TM) SE Runtime Environment (17.0.6+9) (build 17.0.6+9-LTS-190)
# Java VM: Java HotSpot(TM) 64-Bit Server VM (17.0.6+9-LTS-190, mixed mode, sharing, tiered, compressed oops, compressed class ptrs, g1 gc, windows-amd64)
GC Precious Log:
 CPUs: 8 total, 8 available
 Memory: 16108M
 Large Page Support: Disabled
 NUMA Support: Disabled
 Compressed Oops: Enabled (32-bit)
 Heap Region Size: 1M
 Heap Min Capacity: 256M
 Heap Initial Capacity: 256M
 Heap Max Capacity: 512M
 Pre-touch: Disabled
 Parallel Workers: 8
 Concurrent Workers: 2
 Concurrent Refinement Workers: 8
 Periodic GC: Disabled
Heap:
 garbage-first heap   total 262144K, used 92999K [0x00000000e0000000, 0x0000000100000000)
  region size 1024K, 69 young (70656K), 15 survivors (15360K)
 Metaspace       used 51957K, committed 52544K, reserved 364544K
  class space    used 7453K, committed 7680K, reserved 315392K
GC Heap History (12 events):
Event: 0.372 GC heap before
{Heap before GC invocations=0 (full 0):
 garbage-first heap   total 262144K, used 23552K [0x00000000e0000000, 0x0000000100000000)
  region size 1024K, 23 young (23552K), 0 survivors (0K)
 Metaspace       used 1095K, committed 1216K, reserved 323584K
  class space    used 77K, committed 128K, reserved 315392K
}
Event: 0.374 GC heap after
{Heap after GC invocations=1 (full 0):
 garbage-first heap   total 262144K, used 2602K [0x00000000e0000000, 0x0000000100000000)
  region size 1024K, 3 young (3072K), 3 survivors (3072K)
 Metaspace       used 1095K, committed 1216K, reserved 323584K
  class space    used 77K, committed 128K, reserved 315392K
}
Event: 0.868 GC heap before
{Heap before GC invocations=1 (full 0):
 garbage-first heap   total 262144K, used 39466K [0x00000000e0000000, 0x0000000100000000)
  region size 1024K, 37 young (37888K), 3 survivors (3072K)
 Metaspace       used 4415K, committed 4608K, reserved 323584K
  class space    used 551K, committed 640K, reserved 315392K
}
Event: 0.871 GC heap after
{Heap after GC invocations=2 (full 0):
 garbage-first heap   total 262144K, used 11198K [0x00000000e0000000, 0x0000000100000000)
  region size 1024K, 5 young (5120K), 5 survivors (5120K)
 Metaspace       used 4415K, committed 4608K, reserved 323584K
  class space    used 551K, committed 640K, reserved 315392K
}
Event: 1.307 GC heap before
{Heap before GC invocations=2 (full 0):
 garbage-first heap   total 262144K, used 58302K [0x00000000e0000000, 0x0000000100000000)
  region size 1024K, 49 young (50176K), 5 survivors (5120K)
 Metaspace       used 4718K, committed 4928K, reserved 323584K
  class space    used 598K, committed 704K, reserved 315392K
}
Event: 1.311 GC heap after
{Heap after GC invocations=3 (full 0):
 garbage-first heap   total 262144K, used 16276K [0x00000000e0000000, 0x0000000100000000)
  region size 1024K, 7 young (7168K), 7 survivors (7168K)
 Metaspace       used 4718K, committed 4928K, reserved 323584K
  class space    used 598K, committed 704K, reserved 315392K
}
Event: 3.111 GC heap before
{Heap before GC invocations=3 (full 0):
 garbage-first heap   total 262144K, used 124820K [0x00000000e0000000, 0x0000000100000000)
  region size 1024K, 114 young (116736K), 7 survivors (7168K)
 Metaspace       used 21119K, committed 21504K, reserved 339968K
  class space    used 3095K, committed 3328K, reserved 315392K
}
Event: 3.122 GC heap after
{Heap after GC invocations=4 (full 0):
 garbage-first heap   total 262144K, used 23839K [0x00000000e0000000, 0x0000000100000000)
  region size 1024K, 15 young (15360K), 15 survivors (15360K)
 Metaspace       used 21119K, committed 21504K, reserved 339968K
  class space    used 3095K, committed 3328K, reserved 315392K
}
Event: 4.649 GC heap before
{Heap before GC invocations=5 (full 0):
 garbage-first heap   total 262144K, used 144671K [0x00000000e0000000, 0x0000000100000000)
  region size 1024K, 130 young (133120K), 15 survivors (15360K)
 Metaspace       used 35510K, committed 35968K, reserved 348160K
  class space    used 4944K, committed 5184K, reserved 315392K
}
Event: 4.661 GC heap after
{Heap after GC invocations=6 (full 0):
 garbage-first heap   total 262144K, used 33289K [0x00000000e0000000, 0x0000000100000000)
  region size 1024K, 17 young (17408K), 17 survivors (17408K)
 Metaspace       used 35510K, committed 35968K, reserved 348160K
  class space    used 4944K, committed 5184K, reserved 315392K
}
Event: 7.575 GC heap before
{Heap before GC invocations=7 (full 0):
 garbage-first heap   total 262144K, used 173577K [0x00000000e0000000, 0x0000000100000000)
  region size 1024K, 153 young (156672K), 17 survivors (17408K)
 Metaspace       used 49516K, committed 50048K, reserved 364544K
  class space    used 7065K, committed 7296K, reserved 315392K
}
Event: 7.588 GC heap after
{Heap after GC invocations=8 (full 0):
 garbage-first heap   total 262144K, used 38727K [0x00000000e0000000, 0x0000000100000000)
  region size 1024K, 15 young (15360K), 15 survivors (15360K)
 Metaspace       used 49516K, committed 50048K, reserved 364544K
  class space    used 7065K, committed 7296K, reserved 315392K
}

